Build output check failed:
    Regex: 'command line option .* is valid for .* but not for C\+\+'
    Output line: 'cc1plus: warning: command line option ‘-Wmissing-prototypes’ is valid for C/ObjC but not for C++'
Compilation failed:
    source file: '/home/alessandro/Desktop/Tirocinio/node_modules/opencv-build/opencv/build/CMakeFiles/CMakeTmp/src.cxx'
    check option: ' -fsigned-char -W -Wall -Werror=return-type -Werror=non-virtual-dtor -Werror=address -Werror=sequence-point -Wformat -Werror=format-security -Wmissing-declarations  -Wmissing-prototypes'
===== BUILD LOG =====
Change Dir: /home/alessandro/Desktop/Tirocinio/node_modules/opencv-build/opencv/build/CMakeFiles/CMakeTmp

Run Build Command(s):/usr/bin/make cmTC_dacec/fast && /usr/bin/make -f CMakeFiles/cmTC_dacec.dir/build.make CMakeFiles/cmTC_dacec.dir/build
make[1]: Entering directory '/home/alessandro/Desktop/Tirocinio/node_modules/opencv-build/opencv/build/CMakeFiles/CMakeTmp'
Building CXX object CMakeFiles/cmTC_dacec.dir/src.cxx.o
/usr/bin/c++    -O3 -DNDEBUG -fPIE    -fsigned-char -W -Wall -Werror=return-type -Werror=non-virtual-dtor -Werror=address -Werror=sequence-point -Wformat -Werror=format-security -Wmissing-declarations  -Wmissing-prototypes -o CMakeFiles/cmTC_dacec.dir/src.cxx.o -c /home/alessandro/Desktop/Tirocinio/node_modules/opencv-build/opencv/build/CMakeFiles/CMakeTmp/src.cxx
cc1plus: warning: command line option ‘-Wmissing-prototypes’ is valid for C/ObjC but not for C++
/home/alessandro/Desktop/Tirocinio/node_modules/opencv-build/opencv/build/CMakeFiles/CMakeTmp/src.cxx:1: warning: ignoring #pragma   [-Wunknown-pragmas]
    1 | #pragma
      | 
Linking CXX executable cmTC_dacec
/usr/bin/cmake -E cmake_link_script CMakeFiles/cmTC_dacec.dir/link.txt --verbose=1
/usr/bin/c++    -O3 -DNDEBUG    -rdynamic CMakeFiles/cmTC_dacec.dir/src.cxx.o  -o cmTC_dacec 
make[1]: Leaving directory '/home/alessandro/Desktop/Tirocinio/node_modules/opencv-build/opencv/build/CMakeFiles/CMakeTmp'


===== END =====

Build output check failed:
    Regex: 'command line option .* is valid for .* but not for C\+\+'
    Output line: 'cc1plus: warning: command line option ‘-Wstrict-prototypes’ is valid for C/ObjC but not for C++'
Compilation failed:
    source file: '/home/alessandro/Desktop/Tirocinio/node_modules/opencv-build/opencv/build/CMakeFiles/CMakeTmp/src.cxx'
    check option: ' -fsigned-char -W -Wall -Werror=return-type -Werror=non-virtual-dtor -Werror=address -Werror=sequence-point -Wformat -Werror=format-security -Wmissing-declarations  -Wstrict-prototypes'
===== BUILD LOG =====
Change Dir: /home/alessandro/Desktop/Tirocinio/node_modules/opencv-build/opencv/build/CMakeFiles/CMakeTmp

Run Build Command(s):/usr/bin/make cmTC_bb33b/fast && /usr/bin/make -f CMakeFiles/cmTC_bb33b.dir/build.make CMakeFiles/cmTC_bb33b.dir/build
make[1]: Entering directory '/home/alessandro/Desktop/Tirocinio/node_modules/opencv-build/opencv/build/CMakeFiles/CMakeTmp'
Building CXX object CMakeFiles/cmTC_bb33b.dir/src.cxx.o
/usr/bin/c++    -O3 -DNDEBUG -fPIE    -fsigned-char -W -Wall -Werror=return-type -Werror=non-virtual-dtor -Werror=address -Werror=sequence-point -Wformat -Werror=format-security -Wmissing-declarations  -Wstrict-prototypes -o CMakeFiles/cmTC_bb33b.dir/src.cxx.o -c /home/alessandro/Desktop/Tirocinio/node_modules/opencv-build/opencv/build/CMakeFiles/CMakeTmp/src.cxx
cc1plus: warning: command line option ‘-Wstrict-prototypes’ is valid for C/ObjC but not for C++
/home/alessandro/Desktop/Tirocinio/node_modules/opencv-build/opencv/build/CMakeFiles/CMakeTmp/src.cxx:1: warning: ignoring #pragma   [-Wunknown-pragmas]
    1 | #pragma
      | 
Linking CXX executable cmTC_bb33b
/usr/bin/cmake -E cmake_link_script CMakeFiles/cmTC_bb33b.dir/link.txt --verbose=1
/usr/bin/c++    -O3 -DNDEBUG    -rdynamic CMakeFiles/cmTC_bb33b.dir/src.cxx.o  -o cmTC_bb33b 
make[1]: Leaving directory '/home/alessandro/Desktop/Tirocinio/node_modules/opencv-build/opencv/build/CMakeFiles/CMakeTmp'


===== END =====

Build output check failed:
    Regex: 'command line option .* is valid for .* but not for C'
    Output line: 'cc1: warning: command line option ‘-Wsign-promo’ is valid for C++/ObjC++ but not for C'
Compilation failed:
    source file: '/home/alessandro/Desktop/Tirocinio/node_modules/opencv-build/opencv/build/CMakeFiles/CMakeTmp/src.c'
    check option: ' -fsigned-char -W -Wall -Werror=return-type -Werror=non-virtual-dtor -Werror=address -Werror=sequence-point -Wformat -Werror=format-security -Wmissing-declarations -Wmissing-prototypes -Wstrict-prototypes -Wundef -Winit-self -Wpointer-arith -Wshadow  -Wsign-promo'
===== BUILD LOG =====
Change Dir: /home/alessandro/Desktop/Tirocinio/node_modules/opencv-build/opencv/build/CMakeFiles/CMakeTmp

Run Build Command(s):/usr/bin/make cmTC_c0bbe/fast && /usr/bin/make -f CMakeFiles/cmTC_c0bbe.dir/build.make CMakeFiles/cmTC_c0bbe.dir/build
make[1]: Entering directory '/home/alessandro/Desktop/Tirocinio/node_modules/opencv-build/opencv/build/CMakeFiles/CMakeTmp'
Building C object CMakeFiles/cmTC_c0bbe.dir/src.c.o
/usr/bin/cc   -O3 -DNDEBUG -fPIE    -fsigned-char -W -Wall -Werror=return-type -Werror=non-virtual-dtor -Werror=address -Werror=sequence-point -Wformat -Werror=format-security -Wmissing-declarations -Wmissing-prototypes -Wstrict-prototypes -Wundef -Winit-self -Wpointer-arith -Wshadow  -Wsign-promo -o CMakeFiles/cmTC_c0bbe.dir/src.c.o   -c /home/alessandro/Desktop/Tirocinio/node_modules/opencv-build/opencv/build/CMakeFiles/CMakeTmp/src.c
cc1: warning: ‘-Werror=’ argument ‘-Werror=non-virtual-dtor’ is not valid for C
cc1: warning: command line option ‘-Wsign-promo’ is valid for C++/ObjC++ but not for C
/home/alessandro/Desktop/Tirocinio/node_modules/opencv-build/opencv/build/CMakeFiles/CMakeTmp/src.c:1: warning: ignoring #pragma   [-Wunknown-pragmas]
    1 | #pragma
      | 
Linking C executable cmTC_c0bbe
/usr/bin/cmake -E cmake_link_script CMakeFiles/cmTC_c0bbe.dir/link.txt --verbose=1
/usr/bin/cc   -O3 -DNDEBUG    -rdynamic CMakeFiles/cmTC_c0bbe.dir/src.c.o  -o cmTC_c0bbe 
make[1]: Leaving directory '/home/alessandro/Desktop/Tirocinio/node_modules/opencv-build/opencv/build/CMakeFiles/CMakeTmp'


===== END =====

Build output check failed:
    Regex: 'command line option .* is valid for .* but not for C'
    Output line: 'cc1: warning: command line option ‘-Wno-delete-non-virtual-dtor’ is valid for C++/ObjC++ but not for C'
Compilation failed:
    source file: '/home/alessandro/Desktop/Tirocinio/node_modules/opencv-build/opencv/build/CMakeFiles/CMakeTmp/src.c'
    check option: ' -fsigned-char -W -Wall -Werror=return-type -Werror=non-virtual-dtor -Werror=address -Werror=sequence-point -Wformat -Werror=format-security -Wmissing-declarations -Wmissing-prototypes -Wstrict-prototypes -Wundef -Winit-self -Wpointer-arith -Wshadow -Wuninitialized -Winit-self  -Wno-delete-non-virtual-dtor'
===== BUILD LOG =====
Change Dir: /home/alessandro/Desktop/Tirocinio/node_modules/opencv-build/opencv/build/CMakeFiles/CMakeTmp

Run Build Command(s):/usr/bin/make cmTC_6521b/fast && /usr/bin/make -f CMakeFiles/cmTC_6521b.dir/build.make CMakeFiles/cmTC_6521b.dir/build
make[1]: Entering directory '/home/alessandro/Desktop/Tirocinio/node_modules/opencv-build/opencv/build/CMakeFiles/CMakeTmp'
Building C object CMakeFiles/cmTC_6521b.dir/src.c.o
/usr/bin/cc   -O3 -DNDEBUG -fPIE    -fsigned-char -W -Wall -Werror=return-type -Werror=non-virtual-dtor -Werror=address -Werror=sequence-point -Wformat -Werror=format-security -Wmissing-declarations -Wmissing-prototypes -Wstrict-prototypes -Wundef -Winit-self -Wpointer-arith -Wshadow -Wuninitialized -Winit-self  -Wno-delete-non-virtual-dtor -o CMakeFiles/cmTC_6521b.dir/src.c.o   -c /home/alessandro/Desktop/Tirocinio/node_modules/opencv-build/opencv/build/CMakeFiles/CMakeTmp/src.c
cc1: warning: ‘-Werror=’ argument ‘-Werror=non-virtual-dtor’ is not valid for C
cc1: warning: command line option ‘-Wno-delete-non-virtual-dtor’ is valid for C++/ObjC++ but not for C
/home/alessandro/Desktop/Tirocinio/node_modules/opencv-build/opencv/build/CMakeFiles/CMakeTmp/src.c:1: warning: ignoring #pragma   [-Wunknown-pragmas]
    1 | #pragma
      | 
Linking C executable cmTC_6521b
/usr/bin/cmake -E cmake_link_script CMakeFiles/cmTC_6521b.dir/link.txt --verbose=1
/usr/bin/cc   -O3 -DNDEBUG    -rdynamic CMakeFiles/cmTC_6521b.dir/src.c.o  -o cmTC_6521b 
make[1]: Leaving directory '/home/alessandro/Desktop/Tirocinio/node_modules/opencv-build/opencv/build/CMakeFiles/CMakeTmp'


===== END =====

Build output check failed:
    Regex: 'unrecognized .*option'
    Output line: 'cc1plus: warning: unrecognized command line option ‘-Wno-unnamed-type-template-args’'
Compilation failed:
    source file: '/home/alessandro/Desktop/Tirocinio/node_modules/opencv-build/opencv/build/CMakeFiles/CMakeTmp/src.cxx'
    check option: ' -fsigned-char -W -Wall -Werror=return-type -Werror=non-virtual-dtor -Werror=address -Werror=sequence-point -Wformat -Werror=format-security -Wmissing-declarations -Wundef -Winit-self -Wpointer-arith -Wshadow -Wsign-promo -Wuninitialized -Winit-self -Wno-delete-non-virtual-dtor  -Wno-unnamed-type-template-args'
===== BUILD LOG =====
Change Dir: /home/alessandro/Desktop/Tirocinio/node_modules/opencv-build/opencv/build/CMakeFiles/CMakeTmp

Run Build Command(s):/usr/bin/make cmTC_7b8c9/fast && /usr/bin/make -f CMakeFiles/cmTC_7b8c9.dir/build.make CMakeFiles/cmTC_7b8c9.dir/build
make[1]: Entering directory '/home/alessandro/Desktop/Tirocinio/node_modules/opencv-build/opencv/build/CMakeFiles/CMakeTmp'
Building CXX object CMakeFiles/cmTC_7b8c9.dir/src.cxx.o
/usr/bin/c++    -O3 -DNDEBUG -fPIE    -fsigned-char -W -Wall -Werror=return-type -Werror=non-virtual-dtor -Werror=address -Werror=sequence-point -Wformat -Werror=format-security -Wmissing-declarations -Wundef -Winit-self -Wpointer-arith -Wshadow -Wsign-promo -Wuninitialized -Winit-self -Wno-delete-non-virtual-dtor  -Wno-unnamed-type-template-args -o CMakeFiles/cmTC_7b8c9.dir/src.cxx.o -c /home/alessandro/Desktop/Tirocinio/node_modules/opencv-build/opencv/build/CMakeFiles/CMakeTmp/src.cxx
/home/alessandro/Desktop/Tirocinio/node_modules/opencv-build/opencv/build/CMakeFiles/CMakeTmp/src.cxx:1: warning: ignoring #pragma   [-Wunknown-pragmas]
    1 | #pragma
      | 
cc1plus: warning: unrecognized command line option ‘-Wno-unnamed-type-template-args’
Linking CXX executable cmTC_7b8c9
/usr/bin/cmake -E cmake_link_script CMakeFiles/cmTC_7b8c9.dir/link.txt --verbose=1
/usr/bin/c++    -O3 -DNDEBUG    -rdynamic CMakeFiles/cmTC_7b8c9.dir/src.cxx.o  -o cmTC_7b8c9 
make[1]: Leaving directory '/home/alessandro/Desktop/Tirocinio/node_modules/opencv-build/opencv/build/CMakeFiles/CMakeTmp'


===== END =====

Build output check failed:
    Regex: 'unrecognized .*option'
    Output line: 'cc1: warning: unrecognized command line option ‘-Wno-unnamed-type-template-args’'
Compilation failed:
    source file: '/home/alessandro/Desktop/Tirocinio/node_modules/opencv-build/opencv/build/CMakeFiles/CMakeTmp/src.c'
    check option: ' -fsigned-char -W -Wall -Werror=return-type -Werror=non-virtual-dtor -Werror=address -Werror=sequence-point -Wformat -Werror=format-security -Wmissing-declarations -Wmissing-prototypes -Wstrict-prototypes -Wundef -Winit-self -Wpointer-arith -Wshadow -Wuninitialized -Winit-self  -Wno-unnamed-type-template-args'
===== BUILD LOG =====
Change Dir: /home/alessandro/Desktop/Tirocinio/node_modules/opencv-build/opencv/build/CMakeFiles/CMakeTmp

Run Build Command(s):/usr/bin/make cmTC_cd264/fast && /usr/bin/make -f CMakeFiles/cmTC_cd264.dir/build.make CMakeFiles/cmTC_cd264.dir/build
make[1]: Entering directory '/home/alessandro/Desktop/Tirocinio/node_modules/opencv-build/opencv/build/CMakeFiles/CMakeTmp'
Building C object CMakeFiles/cmTC_cd264.dir/src.c.o
/usr/bin/cc   -O3 -DNDEBUG -fPIE    -fsigned-char -W -Wall -Werror=return-type -Werror=non-virtual-dtor -Werror=address -Werror=sequence-point -Wformat -Werror=format-security -Wmissing-declarations -Wmissing-prototypes -Wstrict-prototypes -Wundef -Winit-self -Wpointer-arith -Wshadow -Wuninitialized -Winit-self  -Wno-unnamed-type-template-args -o CMakeFiles/cmTC_cd264.dir/src.c.o   -c /home/alessandro/Desktop/Tirocinio/node_modules/opencv-build/opencv/build/CMakeFiles/CMakeTmp/src.c
cc1: warning: ‘-Werror=’ argument ‘-Werror=non-virtual-dtor’ is not valid for C
/home/alessandro/Desktop/Tirocinio/node_modules/opencv-build/opencv/build/CMakeFiles/CMakeTmp/src.c:1: warning: ignoring #pragma   [-Wunknown-pragmas]
    1 | #pragma
      | 
cc1: warning: unrecognized command line option ‘-Wno-unnamed-type-template-args’
Linking C executable cmTC_cd264
/usr/bin/cmake -E cmake_link_script CMakeFiles/cmTC_cd264.dir/link.txt --verbose=1
/usr/bin/cc   -O3 -DNDEBUG    -rdynamic CMakeFiles/cmTC_cd264.dir/src.c.o  -o cmTC_cd264 
make[1]: Leaving directory '/home/alessandro/Desktop/Tirocinio/node_modules/opencv-build/opencv/build/CMakeFiles/CMakeTmp'


===== END =====

Build output check failed:
    Regex: 'command line option .* is valid for .* but not for C'
    Output line: 'cc1: warning: command line option ‘-fvisibility-inlines-hidden’ is valid for C++/ObjC++ but not for C'
Compilation failed:
    source file: '/home/alessandro/Desktop/Tirocinio/node_modules/opencv-build/opencv/build/CMakeFiles/CMakeTmp/src.c'
    check option: ' -fsigned-char -W -Wall -Werror=return-type -Werror=non-virtual-dtor -Werror=address -Werror=sequence-point -Wformat -Werror=format-security -Wmissing-declarations -Wmissing-prototypes -Wstrict-prototypes -Wundef -Winit-self -Wpointer-arith -Wshadow -Wuninitialized -Winit-self -Wno-comment -Wimplicit-fallthrough=3 -Wno-strict-overflow -fdiagnostics-show-option -Wno-long-long -pthread -fomit-frame-pointer -ffunction-sections -fdata-sections  -msse -msse2 -msse3 -fvisibility=hidden  -fvisibility-inlines-hidden'
===== BUILD LOG =====
Change Dir: /home/alessandro/Desktop/Tirocinio/node_modules/opencv-build/opencv/build/CMakeFiles/CMakeTmp

Run Build Command(s):/usr/bin/make cmTC_b2eff/fast && /usr/bin/make -f CMakeFiles/cmTC_b2eff.dir/build.make CMakeFiles/cmTC_b2eff.dir/build
make[1]: Entering directory '/home/alessandro/Desktop/Tirocinio/node_modules/opencv-build/opencv/build/CMakeFiles/CMakeTmp'
Building C object CMakeFiles/cmTC_b2eff.dir/src.c.o
/usr/bin/cc   -O3 -DNDEBUG -fPIE    -fsigned-char -W -Wall -Werror=return-type -Werror=non-virtual-dtor -Werror=address -Werror=sequence-point -Wformat -Werror=format-security -Wmissing-declarations -Wmissing-prototypes -Wstrict-prototypes -Wundef -Winit-self -Wpointer-arith -Wshadow -Wuninitialized -Winit-self -Wno-comment -Wimplicit-fallthrough=3 -Wno-strict-overflow -fdiagnostics-show-option -Wno-long-long -pthread -fomit-frame-pointer -ffunction-sections -fdata-sections  -msse -msse2 -msse3 -fvisibility=hidden  -fvisibility-inlines-hidden -o CMakeFiles/cmTC_b2eff.dir/src.c.o   -c /home/alessandro/Desktop/Tirocinio/node_modules/opencv-build/opencv/build/CMakeFiles/CMakeTmp/src.c
cc1: warning: ‘-Werror=’ argument ‘-Werror=non-virtual-dtor’ is not valid for C
cc1: warning: command line option ‘-fvisibility-inlines-hidden’ is valid for C++/ObjC++ but not for C
/home/alessandro/Desktop/Tirocinio/node_modules/opencv-build/opencv/build/CMakeFiles/CMakeTmp/src.c:1: warning: ignoring #pragma   [-Wunknown-pragmas]
    1 | #pragma
      | 
Linking C executable cmTC_b2eff
/usr/bin/cmake -E cmake_link_script CMakeFiles/cmTC_b2eff.dir/link.txt --verbose=1
/usr/bin/cc   -O3 -DNDEBUG    -rdynamic CMakeFiles/cmTC_b2eff.dir/src.c.o  -o cmTC_b2eff 
make[1]: Leaving directory '/home/alessandro/Desktop/Tirocinio/node_modules/opencv-build/opencv/build/CMakeFiles/CMakeTmp'


===== END =====

Determining if the include file linux/videodev.h exists failed with the following output:
Change Dir: /home/alessandro/Desktop/Tirocinio/node_modules/opencv-build/opencv/build/CMakeFiles/CMakeTmp

Run Build Command(s):/usr/bin/make cmTC_d1596/fast && /usr/bin/make -f CMakeFiles/cmTC_d1596.dir/build.make CMakeFiles/cmTC_d1596.dir/build
make[1]: Entering directory '/home/alessandro/Desktop/Tirocinio/node_modules/opencv-build/opencv/build/CMakeFiles/CMakeTmp'
Building C object CMakeFiles/cmTC_d1596.dir/CheckIncludeFile.c.o
/usr/bin/cc   -fsigned-char -W -Wall -Werror=return-type -Werror=non-virtual-dtor -Werror=address -Werror=sequence-point -Wformat -Werror=format-security -Wmissing-declarations -Wmissing-prototypes -Wstrict-prototypes -Wundef -Winit-self -Wpointer-arith -Wshadow -Wuninitialized -Winit-self -Wno-comment -Wimplicit-fallthrough=3 -Wno-strict-overflow -fdiagnostics-show-option -Wno-long-long -pthread -fomit-frame-pointer -ffunction-sections -fdata-sections  -msse -msse2 -msse3 -fvisibility=hidden  -O3 -DNDEBUG -fPIE   -o CMakeFiles/cmTC_d1596.dir/CheckIncludeFile.c.o   -c /home/alessandro/Desktop/Tirocinio/node_modules/opencv-build/opencv/build/CMakeFiles/CMakeTmp/CheckIncludeFile.c
cc1: warning: ‘-Werror=’ argument ‘-Werror=non-virtual-dtor’ is not valid for C
/home/alessandro/Desktop/Tirocinio/node_modules/opencv-build/opencv/build/CMakeFiles/CMakeTmp/CheckIncludeFile.c:1:10: fatal error: linux/videodev.h: No such file or directory
    1 | #include <linux/videodev.h>
      |          ^~~~~~~~~~~~~~~~~~
compilation terminated.
make[1]: *** [CMakeFiles/cmTC_d1596.dir/build.make:66: CMakeFiles/cmTC_d1596.dir/CheckIncludeFile.c.o] Error 1
make[1]: Leaving directory '/home/alessandro/Desktop/Tirocinio/node_modules/opencv-build/opencv/build/CMakeFiles/CMakeTmp'
make: *** [Makefile:121: cmTC_d1596/fast] Error 2



Determining if the include file sys/videoio.h exists failed with the following output:
Change Dir: /home/alessandro/Desktop/Tirocinio/node_modules/opencv-build/opencv/build/CMakeFiles/CMakeTmp

Run Build Command(s):/usr/bin/make cmTC_8d6c2/fast && /usr/bin/make -f CMakeFiles/cmTC_8d6c2.dir/build.make CMakeFiles/cmTC_8d6c2.dir/build
make[1]: Entering directory '/home/alessandro/Desktop/Tirocinio/node_modules/opencv-build/opencv/build/CMakeFiles/CMakeTmp'
Building C object CMakeFiles/cmTC_8d6c2.dir/CheckIncludeFile.c.o
/usr/bin/cc   -fsigned-char -W -Wall -Werror=return-type -Werror=non-virtual-dtor -Werror=address -Werror=sequence-point -Wformat -Werror=format-security -Wmissing-declarations -Wmissing-prototypes -Wstrict-prototypes -Wundef -Winit-self -Wpointer-arith -Wshadow -Wuninitialized -Winit-self -Wno-comment -Wimplicit-fallthrough=3 -Wno-strict-overflow -fdiagnostics-show-option -Wno-long-long -pthread -fomit-frame-pointer -ffunction-sections -fdata-sections  -msse -msse2 -msse3 -fvisibility=hidden  -O3 -DNDEBUG -fPIE   -o CMakeFiles/cmTC_8d6c2.dir/CheckIncludeFile.c.o   -c /home/alessandro/Desktop/Tirocinio/node_modules/opencv-build/opencv/build/CMakeFiles/CMakeTmp/CheckIncludeFile.c
cc1: warning: ‘-Werror=’ argument ‘-Werror=non-virtual-dtor’ is not valid for C
/home/alessandro/Desktop/Tirocinio/node_modules/opencv-build/opencv/build/CMakeFiles/CMakeTmp/CheckIncludeFile.c:1:10: fatal error: sys/videoio.h: No such file or directory
    1 | #include <sys/videoio.h>
      |          ^~~~~~~~~~~~~~~
compilation terminated.
make[1]: *** [CMakeFiles/cmTC_8d6c2.dir/build.make:66: CMakeFiles/cmTC_8d6c2.dir/CheckIncludeFile.c.o] Error 1
make[1]: Leaving directory '/home/alessandro/Desktop/Tirocinio/node_modules/opencv-build/opencv/build/CMakeFiles/CMakeTmp'
make: *** [Makefile:121: cmTC_8d6c2/fast] Error 2



Determining if the function sgemm_ exists failed with the following output:
Change Dir: /home/alessandro/Desktop/Tirocinio/node_modules/opencv-build/opencv/build/CMakeFiles/CMakeTmp

Run Build Command(s):/usr/bin/make cmTC_70a3b/fast && /usr/bin/make -f CMakeFiles/cmTC_70a3b.dir/build.make CMakeFiles/cmTC_70a3b.dir/build
make[1]: Entering directory '/home/alessandro/Desktop/Tirocinio/node_modules/opencv-build/opencv/build/CMakeFiles/CMakeTmp'
Building C object CMakeFiles/cmTC_70a3b.dir/CheckFunctionExists.c.o
/usr/bin/cc   -fsigned-char -W -Wall -Werror=return-type -Werror=non-virtual-dtor -Werror=address -Werror=sequence-point -Wformat -Werror=format-security -Wmissing-declarations -Wmissing-prototypes -Wstrict-prototypes -Wundef -Winit-self -Wpointer-arith -Wshadow -Wuninitialized -Winit-self -Wno-comment -Wimplicit-fallthrough=3 -Wno-strict-overflow -fdiagnostics-show-option -Wno-long-long -pthread -fomit-frame-pointer -ffunction-sections -fdata-sections  -msse -msse2 -msse3 -fvisibility=hidden -DCHECK_FUNCTION_EXISTS=sgemm_ -O3 -DNDEBUG -fPIE   -o CMakeFiles/cmTC_70a3b.dir/CheckFunctionExists.c.o   -c /usr/share/cmake-3.16/Modules/CheckFunctionExists.c
cc1: warning: ‘-Werror=’ argument ‘-Werror=non-virtual-dtor’ is not valid for C
Linking C executable cmTC_70a3b
/usr/bin/cmake -E cmake_link_script CMakeFiles/cmTC_70a3b.dir/link.txt --verbose=1
/usr/bin/cc    -fsigned-char -W -Wall -Werror=return-type -Werror=non-virtual-dtor -Werror=address -Werror=sequence-point -Wformat -Werror=format-security -Wmissing-declarations -Wmissing-prototypes -Wstrict-prototypes -Wundef -Winit-self -Wpointer-arith -Wshadow -Wuninitialized -Winit-self -Wno-comment -Wimplicit-fallthrough=3 -Wno-strict-overflow -fdiagnostics-show-option -Wno-long-long -pthread -fomit-frame-pointer -ffunction-sections -fdata-sections  -msse -msse2 -msse3 -fvisibility=hidden -DCHECK_FUNCTION_EXISTS=sgemm_ -O3 -DNDEBUG    -Wl,--gc-sections  -rdynamic CMakeFiles/cmTC_70a3b.dir/CheckFunctionExists.c.o  -o cmTC_70a3b 
/usr/bin/ld: CMakeFiles/cmTC_70a3b.dir/CheckFunctionExists.c.o: in function `main':
CheckFunctionExists.c:(.text.startup.main+0x10): undefined reference to `sgemm_'
collect2: error: ld returned 1 exit status
make[1]: *** [CMakeFiles/cmTC_70a3b.dir/build.make:87: cmTC_70a3b] Error 1
make[1]: Leaving directory '/home/alessandro/Desktop/Tirocinio/node_modules/opencv-build/opencv/build/CMakeFiles/CMakeTmp'
make: *** [Makefile:121: cmTC_70a3b/fast] Error 2



Build output check failed:
    Regex: 'command line option .* is valid for .* but not for C\+\+'
    Output line: 'cc1plus: warning: command line option ‘-Wno-missing-prototypes’ is valid for C/ObjC but not for C++'
Compilation failed:
    source file: '/home/alessandro/Desktop/Tirocinio/node_modules/opencv-build/opencv/build/CMakeFiles/CMakeTmp/src.cxx'
    check option: ' -Wno-missing-prototypes'
===== BUILD LOG =====
Change Dir: /home/alessandro/Desktop/Tirocinio/node_modules/opencv-build/opencv/build/CMakeFiles/CMakeTmp

Run Build Command(s):/usr/bin/make cmTC_c9be4/fast && /usr/bin/make -f CMakeFiles/cmTC_c9be4.dir/build.make CMakeFiles/cmTC_c9be4.dir/build
make[1]: Entering directory '/home/alessandro/Desktop/Tirocinio/node_modules/opencv-build/opencv/build/CMakeFiles/CMakeTmp'
Building CXX object CMakeFiles/cmTC_c9be4.dir/src.cxx.o
/usr/bin/c++    -fsigned-char -W -Wall -Werror=return-type -Werror=non-virtual-dtor -Werror=address -Werror=sequence-point -Wformat -Werror=format-security -Wmissing-declarations -Wundef -Winit-self -Wpointer-arith -Wshadow -Wsign-promo -Wuninitialized -Winit-self -Wno-delete-non-virtual-dtor -Wno-comment -Wimplicit-fallthrough=3 -Wno-strict-overflow -fdiagnostics-show-option -Wno-long-long -pthread -fomit-frame-pointer -ffunction-sections -fdata-sections  -msse -msse2 -msse3 -fvisibility=hidden -fvisibility-inlines-hidden -Wno-deprecated  -O3 -DNDEBUG -fPIE    -Wno-missing-prototypes -o CMakeFiles/cmTC_c9be4.dir/src.cxx.o -c /home/alessandro/Desktop/Tirocinio/node_modules/opencv-build/opencv/build/CMakeFiles/CMakeTmp/src.cxx
cc1plus: warning: command line option ‘-Wno-missing-prototypes’ is valid for C/ObjC but not for C++
/home/alessandro/Desktop/Tirocinio/node_modules/opencv-build/opencv/build/CMakeFiles/CMakeTmp/src.cxx:1: warning: ignoring #pragma   [-Wunknown-pragmas]
    1 | #pragma
      | 
Linking CXX executable cmTC_c9be4
/usr/bin/cmake -E cmake_link_script CMakeFiles/cmTC_c9be4.dir/link.txt --verbose=1
/usr/bin/c++     -fsigned-char -W -Wall -Werror=return-type -Werror=non-virtual-dtor -Werror=address -Werror=sequence-point -Wformat -Werror=format-security -Wmissing-declarations -Wundef -Winit-self -Wpointer-arith -Wshadow -Wsign-promo -Wuninitialized -Winit-self -Wno-delete-non-virtual-dtor -Wno-comment -Wimplicit-fallthrough=3 -Wno-strict-overflow -fdiagnostics-show-option -Wno-long-long -pthread -fomit-frame-pointer -ffunction-sections -fdata-sections  -msse -msse2 -msse3 -fvisibility=hidden -fvisibility-inlines-hidden -Wno-deprecated  -O3 -DNDEBUG    -Wl,--gc-sections  -rdynamic CMakeFiles/cmTC_c9be4.dir/src.cxx.o  -o cmTC_c9be4 
make[1]: Leaving directory '/home/alessandro/Desktop/Tirocinio/node_modules/opencv-build/opencv/build/CMakeFiles/CMakeTmp'


===== END =====

Build output check failed:
    Regex: 'unrecognized .*option'
    Output line: 'cc1plus: warning: unrecognized command line option ‘-Wno-tautological-undefined-compare’'
Compilation failed:
    source file: '/home/alessandro/Desktop/Tirocinio/node_modules/opencv-build/opencv/build/CMakeFiles/CMakeTmp/src.cxx'
    check option: ' -Wno-tautological-undefined-compare'
===== BUILD LOG =====
Change Dir: /home/alessandro/Desktop/Tirocinio/node_modules/opencv-build/opencv/build/CMakeFiles/CMakeTmp

Run Build Command(s):/usr/bin/make cmTC_ae07d/fast && /usr/bin/make -f CMakeFiles/cmTC_ae07d.dir/build.make CMakeFiles/cmTC_ae07d.dir/build
make[1]: Entering directory '/home/alessandro/Desktop/Tirocinio/node_modules/opencv-build/opencv/build/CMakeFiles/CMakeTmp'
Building CXX object CMakeFiles/cmTC_ae07d.dir/src.cxx.o
/usr/bin/c++    -fsigned-char -W -Wall -Werror=return-type -Werror=non-virtual-dtor -Werror=address -Werror=sequence-point -Wformat -Werror=format-security -Winit-self -Wpointer-arith -Wuninitialized -Winit-self -Wno-delete-non-virtual-dtor -Wno-comment -Wimplicit-fallthrough=3 -Wno-strict-overflow -fdiagnostics-show-option -Wno-long-long -pthread -fomit-frame-pointer -ffunction-sections -fdata-sections  -msse -msse2 -msse3 -fvisibility=hidden -fvisibility-inlines-hidden -Wno-deprecated -Wno-missing-declarations -Wno-shadow -Wno-unused-parameter -Wno-unused-local-typedefs -Wno-sign-compare -Wno-sign-promo -Wno-undef  -O3 -DNDEBUG -fPIE    -Wno-tautological-undefined-compare -o CMakeFiles/cmTC_ae07d.dir/src.cxx.o -c /home/alessandro/Desktop/Tirocinio/node_modules/opencv-build/opencv/build/CMakeFiles/CMakeTmp/src.cxx
/home/alessandro/Desktop/Tirocinio/node_modules/opencv-build/opencv/build/CMakeFiles/CMakeTmp/src.cxx:1: warning: ignoring #pragma   [-Wunknown-pragmas]
    1 | #pragma
      | 
cc1plus: warning: unrecognized command line option ‘-Wno-tautological-undefined-compare’
Linking CXX executable cmTC_ae07d
/usr/bin/cmake -E cmake_link_script CMakeFiles/cmTC_ae07d.dir/link.txt --verbose=1
/usr/bin/c++     -fsigned-char -W -Wall -Werror=return-type -Werror=non-virtual-dtor -Werror=address -Werror=sequence-point -Wformat -Werror=format-security -Winit-self -Wpointer-arith -Wuninitialized -Winit-self -Wno-delete-non-virtual-dtor -Wno-comment -Wimplicit-fallthrough=3 -Wno-strict-overflow -fdiagnostics-show-option -Wno-long-long -pthread -fomit-frame-pointer -ffunction-sections -fdata-sections  -msse -msse2 -msse3 -fvisibility=hidden -fvisibility-inlines-hidden -Wno-deprecated -Wno-missing-declarations -Wno-shadow -Wno-unused-parameter -Wno-unused-local-typedefs -Wno-sign-compare -Wno-sign-promo -Wno-undef  -O3 -DNDEBUG    -Wl,--gc-sections  -rdynamic CMakeFiles/cmTC_ae07d.dir/src.cxx.o  -o cmTC_ae07d 
make[1]: Leaving directory '/home/alessandro/Desktop/Tirocinio/node_modules/opencv-build/opencv/build/CMakeFiles/CMakeTmp'


===== END =====

Build output check failed:
    Regex: 'unrecognized .*option'
    Output line: 'cc1plus: warning: unrecognized command line option ‘-Wno-shorten-64-to-32’'
Compilation failed:
    source file: '/home/alessandro/Desktop/Tirocinio/node_modules/opencv-build/opencv/build/CMakeFiles/CMakeTmp/src.cxx'
    check option: ' -Wno-shorten-64-to-32'
===== BUILD LOG =====
Change Dir: /home/alessandro/Desktop/Tirocinio/node_modules/opencv-build/opencv/build/CMakeFiles/CMakeTmp

Run Build Command(s):/usr/bin/make cmTC_87d4f/fast && /usr/bin/make -f CMakeFiles/cmTC_87d4f.dir/build.make CMakeFiles/cmTC_87d4f.dir/build
make[1]: Entering directory '/home/alessandro/Desktop/Tirocinio/node_modules/opencv-build/opencv/build/CMakeFiles/CMakeTmp'
Building CXX object CMakeFiles/cmTC_87d4f.dir/src.cxx.o
/usr/bin/c++    -fsigned-char -W -Wall -Werror=return-type -Werror=non-virtual-dtor -Werror=address -Werror=sequence-point -Wformat -Werror=format-security -Winit-self -Wpointer-arith -Wuninitialized -Winit-self -Wno-delete-non-virtual-dtor -Wno-comment -Wimplicit-fallthrough=3 -Wno-strict-overflow -fdiagnostics-show-option -Wno-long-long -pthread -fomit-frame-pointer -ffunction-sections -fdata-sections  -msse -msse2 -msse3 -fvisibility=hidden -fvisibility-inlines-hidden -Wno-deprecated -Wno-missing-declarations -Wno-shadow -Wno-unused-parameter -Wno-unused-local-typedefs -Wno-sign-compare -Wno-sign-promo -Wno-undef -Wno-ignored-qualifiers -Wno-extra -Wno-unused-function -Wno-unused-const-variable  -O3 -DNDEBUG -fPIE    -Wno-shorten-64-to-32 -o CMakeFiles/cmTC_87d4f.dir/src.cxx.o -c /home/alessandro/Desktop/Tirocinio/node_modules/opencv-build/opencv/build/CMakeFiles/CMakeTmp/src.cxx
/home/alessandro/Desktop/Tirocinio/node_modules/opencv-build/opencv/build/CMakeFiles/CMakeTmp/src.cxx:1: warning: ignoring #pragma   [-Wunknown-pragmas]
    1 | #pragma
      | 
cc1plus: warning: unrecognized command line option ‘-Wno-shorten-64-to-32’
Linking CXX executable cmTC_87d4f
/usr/bin/cmake -E cmake_link_script CMakeFiles/cmTC_87d4f.dir/link.txt --verbose=1
/usr/bin/c++     -fsigned-char -W -Wall -Werror=return-type -Werror=non-virtual-dtor -Werror=address -Werror=sequence-point -Wformat -Werror=format-security -Winit-self -Wpointer-arith -Wuninitialized -Winit-self -Wno-delete-non-virtual-dtor -Wno-comment -Wimplicit-fallthrough=3 -Wno-strict-overflow -fdiagnostics-show-option -Wno-long-long -pthread -fomit-frame-pointer -ffunction-sections -fdata-sections  -msse -msse2 -msse3 -fvisibility=hidden -fvisibility-inlines-hidden -Wno-deprecated -Wno-missing-declarations -Wno-shadow -Wno-unused-parameter -Wno-unused-local-typedefs -Wno-sign-compare -Wno-sign-promo -Wno-undef -Wno-ignored-qualifiers -Wno-extra -Wno-unused-function -Wno-unused-const-variable  -O3 -DNDEBUG    -Wl,--gc-sections  -rdynamic CMakeFiles/cmTC_87d4f.dir/src.cxx.o  -o cmTC_87d4f 
make[1]: Leaving directory '/home/alessandro/Desktop/Tirocinio/node_modules/opencv-build/opencv/build/CMakeFiles/CMakeTmp'


===== END =====

Build output check failed:
    Regex: 'unrecognized .*option'
    Output line: 'cc1plus: warning: unrecognized command line option ‘-Wno-enum-compare-switch’'
Compilation failed:
    source file: '/home/alessandro/Desktop/Tirocinio/node_modules/opencv-build/opencv/build/CMakeFiles/CMakeTmp/src.cxx'
    check option: ' -Wno-enum-compare-switch'
===== BUILD LOG =====
Change Dir: /home/alessandro/Desktop/Tirocinio/node_modules/opencv-build/opencv/build/CMakeFiles/CMakeTmp

Run Build Command(s):/usr/bin/make cmTC_15c94/fast && /usr/bin/make -f CMakeFiles/cmTC_15c94.dir/build.make CMakeFiles/cmTC_15c94.dir/build
make[1]: Entering directory '/home/alessandro/Desktop/Tirocinio/node_modules/opencv-build/opencv/build/CMakeFiles/CMakeTmp'
Building CXX object CMakeFiles/cmTC_15c94.dir/src.cxx.o
/usr/bin/c++    -fsigned-char -W -Wall -Werror=return-type -Werror=non-virtual-dtor -Werror=address -Werror=sequence-point -Wformat -Werror=format-security -Winit-self -Wpointer-arith -Wuninitialized -Winit-self -Wno-delete-non-virtual-dtor -Wno-comment -Wimplicit-fallthrough=3 -Wno-strict-overflow -fdiagnostics-show-option -Wno-long-long -pthread -fomit-frame-pointer -ffunction-sections -fdata-sections  -msse -msse2 -msse3 -fvisibility=hidden -fvisibility-inlines-hidden -Wno-deprecated -Wno-missing-declarations -Wno-shadow -Wno-unused-parameter -Wno-unused-local-typedefs -Wno-sign-compare -Wno-sign-promo -Wno-undef -Wno-ignored-qualifiers -Wno-extra -Wno-unused-function -Wno-unused-const-variable -Wno-invalid-offsetof  -O3 -DNDEBUG -fPIE    -Wno-enum-compare-switch -o CMakeFiles/cmTC_15c94.dir/src.cxx.o -c /home/alessandro/Desktop/Tirocinio/node_modules/opencv-build/opencv/build/CMakeFiles/CMakeTmp/src.cxx
/home/alessandro/Desktop/Tirocinio/node_modules/opencv-build/opencv/build/CMakeFiles/CMakeTmp/src.cxx:1: warning: ignoring #pragma   [-Wunknown-pragmas]
    1 | #pragma
      | 
cc1plus: warning: unrecognized command line option ‘-Wno-enum-compare-switch’
Linking CXX executable cmTC_15c94
/usr/bin/cmake -E cmake_link_script CMakeFiles/cmTC_15c94.dir/link.txt --verbose=1
/usr/bin/c++     -fsigned-char -W -Wall -Werror=return-type -Werror=non-virtual-dtor -Werror=address -Werror=sequence-point -Wformat -Werror=format-security -Winit-self -Wpointer-arith -Wuninitialized -Winit-self -Wno-delete-non-virtual-dtor -Wno-comment -Wimplicit-fallthrough=3 -Wno-strict-overflow -fdiagnostics-show-option -Wno-long-long -pthread -fomit-frame-pointer -ffunction-sections -fdata-sections  -msse -msse2 -msse3 -fvisibility=hidden -fvisibility-inlines-hidden -Wno-deprecated -Wno-missing-declarations -Wno-shadow -Wno-unused-parameter -Wno-unused-local-typedefs -Wno-sign-compare -Wno-sign-promo -Wno-undef -Wno-ignored-qualifiers -Wno-extra -Wno-unused-function -Wno-unused-const-variable -Wno-invalid-offsetof  -O3 -DNDEBUG    -Wl,--gc-sections  -rdynamic CMakeFiles/cmTC_15c94.dir/src.cxx.o  -o cmTC_15c94 
make[1]: Leaving directory '/home/alessandro/Desktop/Tirocinio/node_modules/opencv-build/opencv/build/CMakeFiles/CMakeTmp'


===== END =====

Build output check failed:
    Regex: 'unrecognized .*option'
    Output line: 'cc1plus: warning: unrecognized command line option ‘-Wno-inconsistent-missing-override’'
Compilation failed:
    source file: '/home/alessandro/Desktop/Tirocinio/node_modules/opencv-build/opencv/build/CMakeFiles/CMakeTmp/src.cxx'
    check option: ' -Wno-inconsistent-missing-override'
===== BUILD LOG =====
Change Dir: /home/alessandro/Desktop/Tirocinio/node_modules/opencv-build/opencv/build/CMakeFiles/CMakeTmp

Run Build Command(s):/usr/bin/make cmTC_031b7/fast && /usr/bin/make -f CMakeFiles/cmTC_031b7.dir/build.make CMakeFiles/cmTC_031b7.dir/build
make[1]: Entering directory '/home/alessandro/Desktop/Tirocinio/node_modules/opencv-build/opencv/build/CMakeFiles/CMakeTmp'
Building CXX object CMakeFiles/cmTC_031b7.dir/src.cxx.o
/usr/bin/c++    -fsigned-char -W -Wall -Werror=return-type -Werror=non-virtual-dtor -Werror=address -Werror=sequence-point -Wformat -Werror=format-security -Winit-self -Wpointer-arith -Wuninitialized -Winit-self -Wno-delete-non-virtual-dtor -Wno-comment -Wimplicit-fallthrough=3 -Wno-strict-overflow -fdiagnostics-show-option -Wno-long-long -pthread -fomit-frame-pointer -ffunction-sections -fdata-sections  -msse -msse2 -msse3 -fvisibility=hidden -fvisibility-inlines-hidden -Wno-deprecated -Wno-missing-declarations -Wno-shadow -Wno-unused-parameter -Wno-unused-local-typedefs -Wno-sign-compare -Wno-sign-promo -Wno-undef -Wno-ignored-qualifiers -Wno-extra -Wno-unused-function -Wno-unused-const-variable -Wno-invalid-offsetof -Wno-suggest-override  -O3 -DNDEBUG -fPIE    -Wno-inconsistent-missing-override -o CMakeFiles/cmTC_031b7.dir/src.cxx.o -c /home/alessandro/Desktop/Tirocinio/node_modules/opencv-build/opencv/build/CMakeFiles/CMakeTmp/src.cxx
/home/alessandro/Desktop/Tirocinio/node_modules/opencv-build/opencv/build/CMakeFiles/CMakeTmp/src.cxx:1: warning: ignoring #pragma   [-Wunknown-pragmas]
    1 | #pragma
      | 
cc1plus: warning: unrecognized command line option ‘-Wno-inconsistent-missing-override’
Linking CXX executable cmTC_031b7
/usr/bin/cmake -E cmake_link_script CMakeFiles/cmTC_031b7.dir/link.txt --verbose=1
/usr/bin/c++     -fsigned-char -W -Wall -Werror=return-type -Werror=non-virtual-dtor -Werror=address -Werror=sequence-point -Wformat -Werror=format-security -Winit-self -Wpointer-arith -Wuninitialized -Winit-self -Wno-delete-non-virtual-dtor -Wno-comment -Wimplicit-fallthrough=3 -Wno-strict-overflow -fdiagnostics-show-option -Wno-long-long -pthread -fomit-frame-pointer -ffunction-sections -fdata-sections  -msse -msse2 -msse3 -fvisibility=hidden -fvisibility-inlines-hidden -Wno-deprecated -Wno-missing-declarations -Wno-shadow -Wno-unused-parameter -Wno-unused-local-typedefs -Wno-sign-compare -Wno-sign-promo -Wno-undef -Wno-ignored-qualifiers -Wno-extra -Wno-unused-function -Wno-unused-const-variable -Wno-invalid-offsetof -Wno-suggest-override  -O3 -DNDEBUG    -Wl,--gc-sections  -rdynamic CMakeFiles/cmTC_031b7.dir/src.cxx.o  -o cmTC_031b7 
make[1]: Leaving directory '/home/alessandro/Desktop/Tirocinio/node_modules/opencv-build/opencv/build/CMakeFiles/CMakeTmp'


===== END =====

